{"uid":"f868a3c2f7a272d8","name":"Search Products and Verify Cart After Login","fullName":"testCases.test_020_search_products_and_verify_cart_after_login#test_search_products_and_verify_cart_after_login","historyId":"d9f3acb1e8b5f7d51dcda027c0949608","time":{"start":1748366567183,"stop":1748366585118,"duration":17935},"description":"Verify searched products are added to cart and persist after user login.","descriptionHtml":"<p>Verify searched products are added to cart and persist after user login.</p>\n","status":"broken","statusMessage":"selenium.common.exceptions.TimeoutException: Message:","statusTrace":"browser = <selenium.webdriver.chrome.webdriver.WebDriver (session=\"bb77edc9cd056eb19302e7694630ff5d\")>\n\n    @allure.feature(\"Cart\")\n    @allure.severity(allure.severity_level.CRITICAL)\n    @allure.title(\"Search Products and Verify Cart After Login\")\n    @allure.description(\"Verify searched products are added to cart and persist after user login.\")\n    def test_search_products_and_verify_cart_after_login(browser):\n        home = HomePage(browser)\n        products = ProductsPage(browser)\n        cart = CartPage(browser)\n        signup_login = SignupLoginPage(browser)\n    \n        # 3. Click on 'Products' button\n        home.click_products()\n    \n        # 4. Verify user is navigated to ALL PRODUCTS page successfully\n        assert products.is_all_products_page_displayed(), \"All Products page not visible\"\n    \n        # 5. Enter product name in search input and click search button\n        product_info = load_test_data(\"products.json\")  # Test Data initialized\n        search_data = product_info[\"search\"]\n    \n        product_name = search_data[\"product_search\"]  # Fetched product name from json\n        products.enter_search_text(product_name)\n        products.click_search_button()\n    \n        # 6. Verify 'SEARCHED PRODUCTS' is visible\n        assert products.is_searched_products_section_visible(), \"Searched Products section not visible\"\n    \n        # 7. Verify all the products related to search are visible\n        assert products.are_search_results_visible(product_name), f\"Search results for '{product_name}' are not displayed correctly\"\n    \n        # 8. Add those products to cart: for faster test we are only adding two products to cart\n        product_1_name, product_1_price = products.hover_and_add_to_cart_and_get_price(1) # over and add first product to cart, capture price\n    \n        print(product_1_name)\n        products.click_continue_shopping()\n        product_2_name, product_2_price = products.hover_and_add_to_cart_and_get_price(2) # Hover and add second product to cart, capture price\n    \n        added_products = [product_1_name, product_2_name]\n        # 9. Click 'Cart' button and verify that products are visible in cart\n>       products.click_view_cart()\n\ntestCases\\test_020_search_products_and_verify_cart_after_login.py:48: \n_ _ _ _ _ _ _ _ _ _ _ _ _ _ _ _ _ _ _ _ _ _ _ _ _ _ _ _ _ _ _ _ _ _ _ _ _ _ _ _ _ _ _ _ _ _ _ _ _ _ _ _ _ _ _ _ _ _ _ _ _ _ _ _ _ _ _ _ _ _ _ _ _ _ _ _ _ _ _ _ _ _ _ _ _ _ _ _ _ _ _ _ _ _ _ _ _ _ _ _ _ _ _ _ _ _ _ _ _ _ _ _ _ _\npageObjects\\product_page.py:119: in click_view_cart\n    self.click(self.VIEW_CART_BUTTON)\npageObjects\\base_page.py:43: in click\n    element = self.wait.until(EC.element_to_be_clickable(target))\n_ _ _ _ _ _ _ _ _ _ _ _ _ _ _ _ _ _ _ _ _ _ _ _ _ _ _ _ _ _ _ _ _ _ _ _ _ _ _ _ _ _ _ _ _ _ _ _ _ _ _ _ _ _ _ _ _ _ _ _ _ _ _ _ _ _ _ _ _ _ _ _ _ _ _ _ _ _ _ _ _ _ _ _ _ _ _ _ _ _ _ _ _ _ _ _ _ _ _ _ _ _ _ _ _ _ _ _ _ _ _ _ _ _\n\nself = <selenium.webdriver.support.wait.WebDriverWait (session=\"bb77edc9cd056eb19302e7694630ff5d\")>, method = <function element_to_be_clickable.<locals>._predicate at 0x000001E42D74CD60>, message = ''\n\n    def until(self, method: Callable[[D], Union[Literal[False], T]], message: str = \"\") -> T:\n        \"\"\"Wait until the method returns a value that is not False.\n    \n        Calls the method provided with the driver as an argument until the\n        return value does not evaluate to ``False``.\n    \n        Parameters:\n        -----------\n        method: callable(WebDriver)\n            - A callable object that takes a WebDriver instance as an argument.\n    \n        message: str\n            - Optional message for :exc:`TimeoutException`\n    \n        Return:\n        -------\n        object: T\n            - The result of the last call to `method`\n    \n        Raises:\n        -------\n        TimeoutException\n            - If 'method' does not return a truthy value within the WebDriverWait\n            object's timeout\n    \n        Example:\n        --------\n        >>> from selenium.webdriver.common.by import By\n        >>> from selenium.webdriver.support.ui import WebDriverWait\n        >>> from selenium.webdriver.support import expected_conditions as EC\n    \n        # Wait until an element is visible on the page\n        >>> wait = WebDriverWait(driver, 10)\n        >>> element = wait.until(EC.visibility_of_element_located((By.ID, \"exampleId\")))\n        >>> print(element.text)\n        \"\"\"\n        screen = None\n        stacktrace = None\n    \n        end_time = time.monotonic() + self._timeout\n        while True:\n            try:\n                value = method(self._driver)\n                if value:\n                    return value\n            except self._ignored_exceptions as exc:\n                screen = getattr(exc, \"screen\", None)\n                stacktrace = getattr(exc, \"stacktrace\", None)\n            if time.monotonic() > end_time:\n                break\n            time.sleep(self._poll)\n>       raise TimeoutException(message, screen, stacktrace)\nE       selenium.common.exceptions.TimeoutException: Message:\n\nvenv\\Lib\\site-packages\\selenium\\webdriver\\support\\wait.py:146: TimeoutException","flaky":false,"newFailed":false,"newBroken":false,"newPassed":false,"retriesCount":0,"retriesStatusChange":false,"beforeStages":[{"name":"config","time":{"start":1748366146420,"stop":1748366146420,"duration":0},"status":"passed","steps":[],"attachments":[],"parameters":[],"shouldDisplayMessage":false,"stepsCount":0,"attachmentsCount":0,"hasContent":false,"attachmentStep":false},{"name":"browser","time":{"start":1748366550631,"stop":1748366567182,"duration":16551},"status":"passed","steps":[],"attachments":[],"parameters":[],"shouldDisplayMessage":false,"stepsCount":0,"attachmentsCount":0,"hasContent":false,"attachmentStep":false}],"testStage":{"description":"Verify searched products are added to cart and persist after user login.","status":"broken","statusMessage":"selenium.common.exceptions.TimeoutException: Message:","statusTrace":"browser = <selenium.webdriver.chrome.webdriver.WebDriver (session=\"bb77edc9cd056eb19302e7694630ff5d\")>\n\n    @allure.feature(\"Cart\")\n    @allure.severity(allure.severity_level.CRITICAL)\n    @allure.title(\"Search Products and Verify Cart After Login\")\n    @allure.description(\"Verify searched products are added to cart and persist after user login.\")\n    def test_search_products_and_verify_cart_after_login(browser):\n        home = HomePage(browser)\n        products = ProductsPage(browser)\n        cart = CartPage(browser)\n        signup_login = SignupLoginPage(browser)\n    \n        # 3. Click on 'Products' button\n        home.click_products()\n    \n        # 4. Verify user is navigated to ALL PRODUCTS page successfully\n        assert products.is_all_products_page_displayed(), \"All Products page not visible\"\n    \n        # 5. Enter product name in search input and click search button\n        product_info = load_test_data(\"products.json\")  # Test Data initialized\n        search_data = product_info[\"search\"]\n    \n        product_name = search_data[\"product_search\"]  # Fetched product name from json\n        products.enter_search_text(product_name)\n        products.click_search_button()\n    \n        # 6. Verify 'SEARCHED PRODUCTS' is visible\n        assert products.is_searched_products_section_visible(), \"Searched Products section not visible\"\n    \n        # 7. Verify all the products related to search are visible\n        assert products.are_search_results_visible(product_name), f\"Search results for '{product_name}' are not displayed correctly\"\n    \n        # 8. Add those products to cart: for faster test we are only adding two products to cart\n        product_1_name, product_1_price = products.hover_and_add_to_cart_and_get_price(1) # over and add first product to cart, capture price\n    \n        print(product_1_name)\n        products.click_continue_shopping()\n        product_2_name, product_2_price = products.hover_and_add_to_cart_and_get_price(2) # Hover and add second product to cart, capture price\n    \n        added_products = [product_1_name, product_2_name]\n        # 9. Click 'Cart' button and verify that products are visible in cart\n>       products.click_view_cart()\n\ntestCases\\test_020_search_products_and_verify_cart_after_login.py:48: \n_ _ _ _ _ _ _ _ _ _ _ _ _ _ _ _ _ _ _ _ _ _ _ _ _ _ _ _ _ _ _ _ _ _ _ _ _ _ _ _ _ _ _ _ _ _ _ _ _ _ _ _ _ _ _ _ _ _ _ _ _ _ _ _ _ _ _ _ _ _ _ _ _ _ _ _ _ _ _ _ _ _ _ _ _ _ _ _ _ _ _ _ _ _ _ _ _ _ _ _ _ _ _ _ _ _ _ _ _ _ _ _ _ _\npageObjects\\product_page.py:119: in click_view_cart\n    self.click(self.VIEW_CART_BUTTON)\npageObjects\\base_page.py:43: in click\n    element = self.wait.until(EC.element_to_be_clickable(target))\n_ _ _ _ _ _ _ _ _ _ _ _ _ _ _ _ _ _ _ _ _ _ _ _ _ _ _ _ _ _ _ _ _ _ _ _ _ _ _ _ _ _ _ _ _ _ _ _ _ _ _ _ _ _ _ _ _ _ _ _ _ _ _ _ _ _ _ _ _ _ _ _ _ _ _ _ _ _ _ _ _ _ _ _ _ _ _ _ _ _ _ _ _ _ _ _ _ _ _ _ _ _ _ _ _ _ _ _ _ _ _ _ _ _\n\nself = <selenium.webdriver.support.wait.WebDriverWait (session=\"bb77edc9cd056eb19302e7694630ff5d\")>, method = <function element_to_be_clickable.<locals>._predicate at 0x000001E42D74CD60>, message = ''\n\n    def until(self, method: Callable[[D], Union[Literal[False], T]], message: str = \"\") -> T:\n        \"\"\"Wait until the method returns a value that is not False.\n    \n        Calls the method provided with the driver as an argument until the\n        return value does not evaluate to ``False``.\n    \n        Parameters:\n        -----------\n        method: callable(WebDriver)\n            - A callable object that takes a WebDriver instance as an argument.\n    \n        message: str\n            - Optional message for :exc:`TimeoutException`\n    \n        Return:\n        -------\n        object: T\n            - The result of the last call to `method`\n    \n        Raises:\n        -------\n        TimeoutException\n            - If 'method' does not return a truthy value within the WebDriverWait\n            object's timeout\n    \n        Example:\n        --------\n        >>> from selenium.webdriver.common.by import By\n        >>> from selenium.webdriver.support.ui import WebDriverWait\n        >>> from selenium.webdriver.support import expected_conditions as EC\n    \n        # Wait until an element is visible on the page\n        >>> wait = WebDriverWait(driver, 10)\n        >>> element = wait.until(EC.visibility_of_element_located((By.ID, \"exampleId\")))\n        >>> print(element.text)\n        \"\"\"\n        screen = None\n        stacktrace = None\n    \n        end_time = time.monotonic() + self._timeout\n        while True:\n            try:\n                value = method(self._driver)\n                if value:\n                    return value\n            except self._ignored_exceptions as exc:\n                screen = getattr(exc, \"screen\", None)\n                stacktrace = getattr(exc, \"stacktrace\", None)\n            if time.monotonic() > end_time:\n                break\n            time.sleep(self._poll)\n>       raise TimeoutException(message, screen, stacktrace)\nE       selenium.common.exceptions.TimeoutException: Message:\n\nvenv\\Lib\\site-packages\\selenium\\webdriver\\support\\wait.py:146: TimeoutException","steps":[],"attachments":[{"uid":"e1f90de12838671f","name":"screenshot_on_failure","source":"e1f90de12838671f.png","type":"image/png","size":198695},{"uid":"65d691bbb91787f","name":"log","source":"65d691bbb91787f.txt","type":"text/plain","size":1882},{"uid":"81eca3d64a9df61d","name":"stdout","source":"81eca3d64a9df61d.txt","type":"text/plain","size":219},{"uid":"30ca32d5341ebff6","name":"stderr","source":"30ca32d5341ebff6.txt","type":"text/plain","size":3256}],"parameters":[],"shouldDisplayMessage":true,"stepsCount":0,"attachmentsCount":4,"hasContent":true,"attachmentStep":false},"afterStages":[{"name":"browser::0","time":{"start":1748366586080,"stop":1748366588618,"duration":2538},"status":"passed","steps":[],"attachments":[],"parameters":[],"shouldDisplayMessage":false,"stepsCount":0,"attachmentsCount":0,"hasContent":false,"attachmentStep":false}],"labels":[{"name":"severity","value":"critical"},{"name":"feature","value":"Cart"},{"name":"parentSuite","value":"testCases"},{"name":"suite","value":"test_020_search_products_and_verify_cart_after_login"},{"name":"host","value":"DESKTOP-6JB123S"},{"name":"thread","value":"8444-MainThread"},{"name":"framework","value":"pytest"},{"name":"language","value":"cpython3"},{"name":"package","value":"testCases.test_020_search_products_and_verify_cart_after_login"},{"name":"resultFormat","value":"allure2"}],"parameters":[],"links":[],"hidden":true,"retry":true,"extra":{"categories":[],"tags":[]},"source":"f868a3c2f7a272d8.json","parameterValues":[]}